

Started GET "/" for 127.0.0.1 at 2014-08-22 11:08:26 -0400

Gem::LoadError (Specified 'sqlite3' for database adapter, but the gem is not loaded. Add `gem 'sqlite3'` to your Gemfile (and ensure its version is at the minimum required by ActiveRecord).):
  activerecord (4.1.4) lib/active_record/connection_adapters/connection_specification.rb:190:in `rescue in spec'
  activerecord (4.1.4) lib/active_record/connection_adapters/connection_specification.rb:187:in `spec'
  activerecord (4.1.4) lib/active_record/connection_handling.rb:50:in `establish_connection'
  activerecord (4.1.4) lib/active_record/railtie.rb:129:in `block (2 levels) in <class:Railtie>'
  activesupport (4.1.4) lib/active_support/lazy_load_hooks.rb:38:in `instance_eval'
  activesupport (4.1.4) lib/active_support/lazy_load_hooks.rb:38:in `execute_hook'
  activesupport (4.1.4) lib/active_support/lazy_load_hooks.rb:45:in `block in run_load_hooks'
  activesupport (4.1.4) lib/active_support/lazy_load_hooks.rb:44:in `each'
  activesupport (4.1.4) lib/active_support/lazy_load_hooks.rb:44:in `run_load_hooks'
  activerecord (4.1.4) lib/active_record/base.rb:326:in `<module:ActiveRecord>'
  activerecord (4.1.4) lib/active_record/base.rb:23:in `<top (required)>'
  activerecord (4.1.4) lib/active_record/connection_adapters/abstract/connection_pool.rb:628:in `rescue in call'
  activerecord (4.1.4) lib/active_record/connection_adapters/abstract/connection_pool.rb:619:in `call'
  activerecord (4.1.4) lib/active_record/migration.rb:380:in `call'
  actionpack (4.1.4) lib/action_dispatch/middleware/callbacks.rb:29:in `block in call'
  activesupport (4.1.4) lib/active_support/callbacks.rb:82:in `run_callbacks'
  actionpack (4.1.4) lib/action_dispatch/middleware/callbacks.rb:27:in `call'
  actionpack (4.1.4) lib/action_dispatch/middleware/reloader.rb:73:in `call'
  actionpack (4.1.4) lib/action_dispatch/middleware/remote_ip.rb:76:in `call'
  actionpack (4.1.4) lib/action_dispatch/middleware/debug_exceptions.rb:17:in `call'
  actionpack (4.1.4) lib/action_dispatch/middleware/show_exceptions.rb:30:in `call'
  railties (4.1.4) lib/rails/rack/logger.rb:38:in `call_app'
  railties (4.1.4) lib/rails/rack/logger.rb:20:in `block in call'
  activesupport (4.1.4) lib/active_support/tagged_logging.rb:68:in `block in tagged'
  activesupport (4.1.4) lib/active_support/tagged_logging.rb:26:in `tagged'
  activesupport (4.1.4) lib/active_support/tagged_logging.rb:68:in `tagged'
  railties (4.1.4) lib/rails/rack/logger.rb:20:in `call'
  actionpack (4.1.4) lib/action_dispatch/middleware/request_id.rb:21:in `call'
  rack (1.5.2) lib/rack/methodoverride.rb:21:in `call'
  rack (1.5.2) lib/rack/runtime.rb:17:in `call'
  activesupport (4.1.4) lib/active_support/cache/strategy/local_cache_middleware.rb:26:in `call'
  rack (1.5.2) lib/rack/lock.rb:17:in `call'
  actionpack (4.1.4) lib/action_dispatch/middleware/static.rb:64:in `call'
  rack (1.5.2) lib/rack/sendfile.rb:112:in `call'
  railties (4.1.4) lib/rails/engine.rb:514:in `call'
  railties (4.1.4) lib/rails/application.rb:144:in `call'
  rack (1.5.2) lib/rack/lock.rb:17:in `call'
  rack (1.5.2) lib/rack/content_length.rb:14:in `call'
  rack (1.5.2) lib/rack/handler/webrick.rb:60:in `service'
  /System/Library/Frameworks/Ruby.framework/Versions/2.0/usr/lib/ruby/2.0.0/webrick/httpserver.rb:138:in `service'
  /System/Library/Frameworks/Ruby.framework/Versions/2.0/usr/lib/ruby/2.0.0/webrick/httpserver.rb:94:in `run'
  /System/Library/Frameworks/Ruby.framework/Versions/2.0/usr/lib/ruby/2.0.0/webrick/server.rb:295:in `block in start_thread'


  Rendered /Library/Ruby/Gems/2.0.0/gems/actionpack-4.1.4/lib/action_dispatch/middleware/templates/rescues/_source.erb (0.6ms)
  Rendered /Library/Ruby/Gems/2.0.0/gems/actionpack-4.1.4/lib/action_dispatch/middleware/templates/rescues/_trace.html.erb (1.0ms)
  Rendered /Library/Ruby/Gems/2.0.0/gems/actionpack-4.1.4/lib/action_dispatch/middleware/templates/rescues/_request_and_response.html.erb (0.8ms)
  Rendered /Library/Ruby/Gems/2.0.0/gems/actionpack-4.1.4/lib/action_dispatch/middleware/templates/rescues/diagnostics.erb within rescues/layout (28.4ms)


Started GET "/" for 127.0.0.1 at 2014-08-22 11:09:08 -0400

Gem::LoadError (Specified 'sqlite3' for database adapter, but the gem is not loaded. Add `gem 'sqlite3'` to your Gemfile (and ensure its version is at the minimum required by ActiveRecord).):
  activerecord (4.1.4) lib/active_record/connection_adapters/connection_specification.rb:190:in `rescue in spec'
  activerecord (4.1.4) lib/active_record/connection_adapters/connection_specification.rb:187:in `spec'
  activerecord (4.1.4) lib/active_record/connection_handling.rb:50:in `establish_connection'
  activerecord (4.1.4) lib/active_record/railtie.rb:129:in `block (2 levels) in <class:Railtie>'
  activesupport (4.1.4) lib/active_support/lazy_load_hooks.rb:38:in `instance_eval'
  activesupport (4.1.4) lib/active_support/lazy_load_hooks.rb:38:in `execute_hook'
  activesupport (4.1.4) lib/active_support/lazy_load_hooks.rb:45:in `block in run_load_hooks'
  activesupport (4.1.4) lib/active_support/lazy_load_hooks.rb:44:in `each'
  activesupport (4.1.4) lib/active_support/lazy_load_hooks.rb:44:in `run_load_hooks'
  activerecord (4.1.4) lib/active_record/base.rb:326:in `<module:ActiveRecord>'
  activerecord (4.1.4) lib/active_record/base.rb:23:in `<top (required)>'
  activerecord (4.1.4) lib/active_record/connection_adapters/abstract/connection_pool.rb:628:in `rescue in call'
  activerecord (4.1.4) lib/active_record/connection_adapters/abstract/connection_pool.rb:619:in `call'
  activerecord (4.1.4) lib/active_record/migration.rb:380:in `call'
  actionpack (4.1.4) lib/action_dispatch/middleware/callbacks.rb:29:in `block in call'
  activesupport (4.1.4) lib/active_support/callbacks.rb:82:in `run_callbacks'
  actionpack (4.1.4) lib/action_dispatch/middleware/callbacks.rb:27:in `call'
  actionpack (4.1.4) lib/action_dispatch/middleware/reloader.rb:73:in `call'
  actionpack (4.1.4) lib/action_dispatch/middleware/remote_ip.rb:76:in `call'
  actionpack (4.1.4) lib/action_dispatch/middleware/debug_exceptions.rb:17:in `call'
  actionpack (4.1.4) lib/action_dispatch/middleware/show_exceptions.rb:30:in `call'
  railties (4.1.4) lib/rails/rack/logger.rb:38:in `call_app'
  railties (4.1.4) lib/rails/rack/logger.rb:20:in `block in call'
  activesupport (4.1.4) lib/active_support/tagged_logging.rb:68:in `block in tagged'
  activesupport (4.1.4) lib/active_support/tagged_logging.rb:26:in `tagged'
  activesupport (4.1.4) lib/active_support/tagged_logging.rb:68:in `tagged'
  railties (4.1.4) lib/rails/rack/logger.rb:20:in `call'
  actionpack (4.1.4) lib/action_dispatch/middleware/request_id.rb:21:in `call'
  rack (1.5.2) lib/rack/methodoverride.rb:21:in `call'
  rack (1.5.2) lib/rack/runtime.rb:17:in `call'
  activesupport (4.1.4) lib/active_support/cache/strategy/local_cache_middleware.rb:26:in `call'
  rack (1.5.2) lib/rack/lock.rb:17:in `call'
  actionpack (4.1.4) lib/action_dispatch/middleware/static.rb:64:in `call'
  rack (1.5.2) lib/rack/sendfile.rb:112:in `call'
  railties (4.1.4) lib/rails/engine.rb:514:in `call'
  railties (4.1.4) lib/rails/application.rb:144:in `call'
  rack (1.5.2) lib/rack/lock.rb:17:in `call'
  rack (1.5.2) lib/rack/content_length.rb:14:in `call'
  rack (1.5.2) lib/rack/handler/webrick.rb:60:in `service'
  /System/Library/Frameworks/Ruby.framework/Versions/2.0/usr/lib/ruby/2.0.0/webrick/httpserver.rb:138:in `service'
  /System/Library/Frameworks/Ruby.framework/Versions/2.0/usr/lib/ruby/2.0.0/webrick/httpserver.rb:94:in `run'
  /System/Library/Frameworks/Ruby.framework/Versions/2.0/usr/lib/ruby/2.0.0/webrick/server.rb:295:in `block in start_thread'


  Rendered /Library/Ruby/Gems/2.0.0/gems/actionpack-4.1.4/lib/action_dispatch/middleware/templates/rescues/_source.erb (0.5ms)
  Rendered /Library/Ruby/Gems/2.0.0/gems/actionpack-4.1.4/lib/action_dispatch/middleware/templates/rescues/_trace.html.erb (1.0ms)
  Rendered /Library/Ruby/Gems/2.0.0/gems/actionpack-4.1.4/lib/action_dispatch/middleware/templates/rescues/_request_and_response.html.erb (0.8ms)
  Rendered /Library/Ruby/Gems/2.0.0/gems/actionpack-4.1.4/lib/action_dispatch/middleware/templates/rescues/diagnostics.erb within rescues/layout (13.4ms)


Started GET "/" for 127.0.0.1 at 2014-08-22 11:09:32 -0400

Gem::LoadError (Specified 'sqlite3' for database adapter, but the gem is not loaded. Add `gem 'sqlite3'` to your Gemfile (and ensure its version is at the minimum required by ActiveRecord).):
  activerecord (4.1.4) lib/active_record/connection_adapters/connection_specification.rb:190:in `rescue in spec'
  activerecord (4.1.4) lib/active_record/connection_adapters/connection_specification.rb:187:in `spec'
  activerecord (4.1.4) lib/active_record/connection_handling.rb:50:in `establish_connection'
  activerecord (4.1.4) lib/active_record/railtie.rb:129:in `block (2 levels) in <class:Railtie>'
  activesupport (4.1.4) lib/active_support/lazy_load_hooks.rb:38:in `instance_eval'
  activesupport (4.1.4) lib/active_support/lazy_load_hooks.rb:38:in `execute_hook'
  activesupport (4.1.4) lib/active_support/lazy_load_hooks.rb:45:in `block in run_load_hooks'
  activesupport (4.1.4) lib/active_support/lazy_load_hooks.rb:44:in `each'
  activesupport (4.1.4) lib/active_support/lazy_load_hooks.rb:44:in `run_load_hooks'
  activerecord (4.1.4) lib/active_record/base.rb:326:in `<module:ActiveRecord>'
  activerecord (4.1.4) lib/active_record/base.rb:23:in `<top (required)>'
  activerecord (4.1.4) lib/active_record/connection_adapters/abstract/connection_pool.rb:628:in `rescue in call'
  activerecord (4.1.4) lib/active_record/connection_adapters/abstract/connection_pool.rb:619:in `call'
  activerecord (4.1.4) lib/active_record/migration.rb:380:in `call'
  actionpack (4.1.4) lib/action_dispatch/middleware/callbacks.rb:29:in `block in call'
  activesupport (4.1.4) lib/active_support/callbacks.rb:82:in `run_callbacks'
  actionpack (4.1.4) lib/action_dispatch/middleware/callbacks.rb:27:in `call'
  actionpack (4.1.4) lib/action_dispatch/middleware/reloader.rb:73:in `call'
  actionpack (4.1.4) lib/action_dispatch/middleware/remote_ip.rb:76:in `call'
  actionpack (4.1.4) lib/action_dispatch/middleware/debug_exceptions.rb:17:in `call'
  actionpack (4.1.4) lib/action_dispatch/middleware/show_exceptions.rb:30:in `call'
  railties (4.1.4) lib/rails/rack/logger.rb:38:in `call_app'
  railties (4.1.4) lib/rails/rack/logger.rb:20:in `block in call'
  activesupport (4.1.4) lib/active_support/tagged_logging.rb:68:in `block in tagged'
  activesupport (4.1.4) lib/active_support/tagged_logging.rb:26:in `tagged'
  activesupport (4.1.4) lib/active_support/tagged_logging.rb:68:in `tagged'
  railties (4.1.4) lib/rails/rack/logger.rb:20:in `call'
  actionpack (4.1.4) lib/action_dispatch/middleware/request_id.rb:21:in `call'
  rack (1.5.2) lib/rack/methodoverride.rb:21:in `call'
  rack (1.5.2) lib/rack/runtime.rb:17:in `call'
  activesupport (4.1.4) lib/active_support/cache/strategy/local_cache_middleware.rb:26:in `call'
  rack (1.5.2) lib/rack/lock.rb:17:in `call'
  actionpack (4.1.4) lib/action_dispatch/middleware/static.rb:64:in `call'
  rack (1.5.2) lib/rack/sendfile.rb:112:in `call'
  railties (4.1.4) lib/rails/engine.rb:514:in `call'
  railties (4.1.4) lib/rails/application.rb:144:in `call'
  rack (1.5.2) lib/rack/lock.rb:17:in `call'
  rack (1.5.2) lib/rack/content_length.rb:14:in `call'
  rack (1.5.2) lib/rack/handler/webrick.rb:60:in `service'
  /System/Library/Frameworks/Ruby.framework/Versions/2.0/usr/lib/ruby/2.0.0/webrick/httpserver.rb:138:in `service'
  /System/Library/Frameworks/Ruby.framework/Versions/2.0/usr/lib/ruby/2.0.0/webrick/httpserver.rb:94:in `run'
  /System/Library/Frameworks/Ruby.framework/Versions/2.0/usr/lib/ruby/2.0.0/webrick/server.rb:295:in `block in start_thread'


  Rendered /Library/Ruby/Gems/2.0.0/gems/actionpack-4.1.4/lib/action_dispatch/middleware/templates/rescues/_source.erb (0.7ms)
  Rendered /Library/Ruby/Gems/2.0.0/gems/actionpack-4.1.4/lib/action_dispatch/middleware/templates/rescues/_trace.html.erb (0.8ms)
  Rendered /Library/Ruby/Gems/2.0.0/gems/actionpack-4.1.4/lib/action_dispatch/middleware/templates/rescues/_request_and_response.html.erb (0.7ms)
  Rendered /Library/Ruby/Gems/2.0.0/gems/actionpack-4.1.4/lib/action_dispatch/middleware/templates/rescues/diagnostics.erb within rescues/layout (13.8ms)


Started GET "/" for 127.0.0.1 at 2014-08-22 11:12:27 -0400

Gem::LoadError (Specified 'sqlite3' for database adapter, but the gem is not loaded. Add `gem 'sqlite3'` to your Gemfile (and ensure its version is at the minimum required by ActiveRecord).):
  activerecord (4.1.4) lib/active_record/connection_adapters/connection_specification.rb:190:in `rescue in spec'
  activerecord (4.1.4) lib/active_record/connection_adapters/connection_specification.rb:187:in `spec'
  activerecord (4.1.4) lib/active_record/connection_handling.rb:50:in `establish_connection'
  activerecord (4.1.4) lib/active_record/railtie.rb:129:in `block (2 levels) in <class:Railtie>'
  activesupport (4.1.4) lib/active_support/lazy_load_hooks.rb:38:in `instance_eval'
  activesupport (4.1.4) lib/active_support/lazy_load_hooks.rb:38:in `execute_hook'
  activesupport (4.1.4) lib/active_support/lazy_load_hooks.rb:45:in `block in run_load_hooks'
  activesupport (4.1.4) lib/active_support/lazy_load_hooks.rb:44:in `each'
  activesupport (4.1.4) lib/active_support/lazy_load_hooks.rb:44:in `run_load_hooks'
  activerecord (4.1.4) lib/active_record/base.rb:326:in `<module:ActiveRecord>'
  activerecord (4.1.4) lib/active_record/base.rb:23:in `<top (required)>'
  activerecord (4.1.4) lib/active_record/connection_adapters/abstract/connection_pool.rb:628:in `rescue in call'
  activerecord (4.1.4) lib/active_record/connection_adapters/abstract/connection_pool.rb:619:in `call'
  activerecord (4.1.4) lib/active_record/migration.rb:380:in `call'
  actionpack (4.1.4) lib/action_dispatch/middleware/callbacks.rb:29:in `block in call'
  activesupport (4.1.4) lib/active_support/callbacks.rb:82:in `run_callbacks'
  actionpack (4.1.4) lib/action_dispatch/middleware/callbacks.rb:27:in `call'
  actionpack (4.1.4) lib/action_dispatch/middleware/reloader.rb:73:in `call'
  actionpack (4.1.4) lib/action_dispatch/middleware/remote_ip.rb:76:in `call'
  actionpack (4.1.4) lib/action_dispatch/middleware/debug_exceptions.rb:17:in `call'
  actionpack (4.1.4) lib/action_dispatch/middleware/show_exceptions.rb:30:in `call'
  railties (4.1.4) lib/rails/rack/logger.rb:38:in `call_app'
  railties (4.1.4) lib/rails/rack/logger.rb:20:in `block in call'
  activesupport (4.1.4) lib/active_support/tagged_logging.rb:68:in `block in tagged'
  activesupport (4.1.4) lib/active_support/tagged_logging.rb:26:in `tagged'
  activesupport (4.1.4) lib/active_support/tagged_logging.rb:68:in `tagged'
  railties (4.1.4) lib/rails/rack/logger.rb:20:in `call'
  actionpack (4.1.4) lib/action_dispatch/middleware/request_id.rb:21:in `call'
  rack (1.5.2) lib/rack/methodoverride.rb:21:in `call'
  rack (1.5.2) lib/rack/runtime.rb:17:in `call'
  activesupport (4.1.4) lib/active_support/cache/strategy/local_cache_middleware.rb:26:in `call'
  rack (1.5.2) lib/rack/lock.rb:17:in `call'
  actionpack (4.1.4) lib/action_dispatch/middleware/static.rb:64:in `call'
  rack (1.5.2) lib/rack/sendfile.rb:112:in `call'
  railties (4.1.4) lib/rails/engine.rb:514:in `call'
  railties (4.1.4) lib/rails/application.rb:144:in `call'
  rack (1.5.2) lib/rack/lock.rb:17:in `call'
  rack (1.5.2) lib/rack/content_length.rb:14:in `call'
  rack (1.5.2) lib/rack/handler/webrick.rb:60:in `service'
  /System/Library/Frameworks/Ruby.framework/Versions/2.0/usr/lib/ruby/2.0.0/webrick/httpserver.rb:138:in `service'
  /System/Library/Frameworks/Ruby.framework/Versions/2.0/usr/lib/ruby/2.0.0/webrick/httpserver.rb:94:in `run'
  /System/Library/Frameworks/Ruby.framework/Versions/2.0/usr/lib/ruby/2.0.0/webrick/server.rb:295:in `block in start_thread'


  Rendered /Library/Ruby/Gems/2.0.0/gems/actionpack-4.1.4/lib/action_dispatch/middleware/templates/rescues/_source.erb (0.4ms)
  Rendered /Library/Ruby/Gems/2.0.0/gems/actionpack-4.1.4/lib/action_dispatch/middleware/templates/rescues/_trace.html.erb (25.0ms)
  Rendered /Library/Ruby/Gems/2.0.0/gems/actionpack-4.1.4/lib/action_dispatch/middleware/templates/rescues/_request_and_response.html.erb (0.9ms)
  Rendered /Library/Ruby/Gems/2.0.0/gems/actionpack-4.1.4/lib/action_dispatch/middleware/templates/rescues/diagnostics.erb within rescues/layout (36.7ms)


Started GET "/" for 127.0.0.1 at 2014-08-22 11:13:35 -0400

Gem::LoadError (Specified 'sqlite3' for database adapter, but the gem is not loaded. Add `gem 'sqlite3'` to your Gemfile (and ensure its version is at the minimum required by ActiveRecord).):
  activerecord (4.1.4) lib/active_record/connection_adapters/connection_specification.rb:190:in `rescue in spec'
  activerecord (4.1.4) lib/active_record/connection_adapters/connection_specification.rb:187:in `spec'
  activerecord (4.1.4) lib/active_record/connection_handling.rb:50:in `establish_connection'
  activerecord (4.1.4) lib/active_record/railtie.rb:129:in `block (2 levels) in <class:Railtie>'
  activesupport (4.1.4) lib/active_support/lazy_load_hooks.rb:38:in `instance_eval'
  activesupport (4.1.4) lib/active_support/lazy_load_hooks.rb:38:in `execute_hook'
  activesupport (4.1.4) lib/active_support/lazy_load_hooks.rb:45:in `block in run_load_hooks'
  activesupport (4.1.4) lib/active_support/lazy_load_hooks.rb:44:in `each'
  activesupport (4.1.4) lib/active_support/lazy_load_hooks.rb:44:in `run_load_hooks'
  activerecord (4.1.4) lib/active_record/base.rb:326:in `<module:ActiveRecord>'
  activerecord (4.1.4) lib/active_record/base.rb:23:in `<top (required)>'
  activerecord (4.1.4) lib/active_record/connection_adapters/abstract/connection_pool.rb:628:in `rescue in call'
  activerecord (4.1.4) lib/active_record/connection_adapters/abstract/connection_pool.rb:619:in `call'
  activerecord (4.1.4) lib/active_record/migration.rb:380:in `call'
  actionpack (4.1.4) lib/action_dispatch/middleware/callbacks.rb:29:in `block in call'
  activesupport (4.1.4) lib/active_support/callbacks.rb:82:in `run_callbacks'
  actionpack (4.1.4) lib/action_dispatch/middleware/callbacks.rb:27:in `call'
  actionpack (4.1.4) lib/action_dispatch/middleware/reloader.rb:73:in `call'
  actionpack (4.1.4) lib/action_dispatch/middleware/remote_ip.rb:76:in `call'
  actionpack (4.1.4) lib/action_dispatch/middleware/debug_exceptions.rb:17:in `call'
  actionpack (4.1.4) lib/action_dispatch/middleware/show_exceptions.rb:30:in `call'
  railties (4.1.4) lib/rails/rack/logger.rb:38:in `call_app'
  railties (4.1.4) lib/rails/rack/logger.rb:20:in `block in call'
  activesupport (4.1.4) lib/active_support/tagged_logging.rb:68:in `block in tagged'
  activesupport (4.1.4) lib/active_support/tagged_logging.rb:26:in `tagged'
  activesupport (4.1.4) lib/active_support/tagged_logging.rb:68:in `tagged'
  railties (4.1.4) lib/rails/rack/logger.rb:20:in `call'
  actionpack (4.1.4) lib/action_dispatch/middleware/request_id.rb:21:in `call'
  rack (1.5.2) lib/rack/methodoverride.rb:21:in `call'
  rack (1.5.2) lib/rack/runtime.rb:17:in `call'
  activesupport (4.1.4) lib/active_support/cache/strategy/local_cache_middleware.rb:26:in `call'
  rack (1.5.2) lib/rack/lock.rb:17:in `call'
  actionpack (4.1.4) lib/action_dispatch/middleware/static.rb:64:in `call'
  rack (1.5.2) lib/rack/sendfile.rb:112:in `call'
  railties (4.1.4) lib/rails/engine.rb:514:in `call'
  railties (4.1.4) lib/rails/application.rb:144:in `call'
  rack (1.5.2) lib/rack/lock.rb:17:in `call'
  rack (1.5.2) lib/rack/content_length.rb:14:in `call'
  rack (1.5.2) lib/rack/handler/webrick.rb:60:in `service'
  /System/Library/Frameworks/Ruby.framework/Versions/2.0/usr/lib/ruby/2.0.0/webrick/httpserver.rb:138:in `service'
  /System/Library/Frameworks/Ruby.framework/Versions/2.0/usr/lib/ruby/2.0.0/webrick/httpserver.rb:94:in `run'
  /System/Library/Frameworks/Ruby.framework/Versions/2.0/usr/lib/ruby/2.0.0/webrick/server.rb:295:in `block in start_thread'


  Rendered /Library/Ruby/Gems/2.0.0/gems/actionpack-4.1.4/lib/action_dispatch/middleware/templates/rescues/_source.erb (0.4ms)
  Rendered /Library/Ruby/Gems/2.0.0/gems/actionpack-4.1.4/lib/action_dispatch/middleware/templates/rescues/_trace.html.erb (23.3ms)
  Rendered /Library/Ruby/Gems/2.0.0/gems/actionpack-4.1.4/lib/action_dispatch/middleware/templates/rescues/_request_and_response.html.erb (0.9ms)
  Rendered /Library/Ruby/Gems/2.0.0/gems/actionpack-4.1.4/lib/action_dispatch/middleware/templates/rescues/diagnostics.erb within rescues/layout (35.4ms)


Started GET "/posts/1/comments" for 127.0.0.1 at 2014-08-22 11:14:00 -0400

Gem::LoadError (Specified 'sqlite3' for database adapter, but the gem is not loaded. Add `gem 'sqlite3'` to your Gemfile (and ensure its version is at the minimum required by ActiveRecord).):
  activerecord (4.1.4) lib/active_record/connection_adapters/connection_specification.rb:190:in `rescue in spec'
  activerecord (4.1.4) lib/active_record/connection_adapters/connection_specification.rb:187:in `spec'
  activerecord (4.1.4) lib/active_record/connection_handling.rb:50:in `establish_connection'
  activerecord (4.1.4) lib/active_record/railtie.rb:129:in `block (2 levels) in <class:Railtie>'
  activesupport (4.1.4) lib/active_support/lazy_load_hooks.rb:38:in `instance_eval'
  activesupport (4.1.4) lib/active_support/lazy_load_hooks.rb:38:in `execute_hook'
  activesupport (4.1.4) lib/active_support/lazy_load_hooks.rb:45:in `block in run_load_hooks'
  activesupport (4.1.4) lib/active_support/lazy_load_hooks.rb:44:in `each'
  activesupport (4.1.4) lib/active_support/lazy_load_hooks.rb:44:in `run_load_hooks'
  activerecord (4.1.4) lib/active_record/base.rb:326:in `<module:ActiveRecord>'
  activerecord (4.1.4) lib/active_record/base.rb:23:in `<top (required)>'
  activerecord (4.1.4) lib/active_record/connection_adapters/abstract/connection_pool.rb:628:in `rescue in call'
  activerecord (4.1.4) lib/active_record/connection_adapters/abstract/connection_pool.rb:619:in `call'
  activerecord (4.1.4) lib/active_record/migration.rb:380:in `call'
  actionpack (4.1.4) lib/action_dispatch/middleware/callbacks.rb:29:in `block in call'
  activesupport (4.1.4) lib/active_support/callbacks.rb:82:in `run_callbacks'
  actionpack (4.1.4) lib/action_dispatch/middleware/callbacks.rb:27:in `call'
  actionpack (4.1.4) lib/action_dispatch/middleware/reloader.rb:73:in `call'
  actionpack (4.1.4) lib/action_dispatch/middleware/remote_ip.rb:76:in `call'
  actionpack (4.1.4) lib/action_dispatch/middleware/debug_exceptions.rb:17:in `call'
  actionpack (4.1.4) lib/action_dispatch/middleware/show_exceptions.rb:30:in `call'
  railties (4.1.4) lib/rails/rack/logger.rb:38:in `call_app'
  railties (4.1.4) lib/rails/rack/logger.rb:20:in `block in call'
  activesupport (4.1.4) lib/active_support/tagged_logging.rb:68:in `block in tagged'
  activesupport (4.1.4) lib/active_support/tagged_logging.rb:26:in `tagged'
  activesupport (4.1.4) lib/active_support/tagged_logging.rb:68:in `tagged'
  railties (4.1.4) lib/rails/rack/logger.rb:20:in `call'
  actionpack (4.1.4) lib/action_dispatch/middleware/request_id.rb:21:in `call'
  rack (1.5.2) lib/rack/methodoverride.rb:21:in `call'
  rack (1.5.2) lib/rack/runtime.rb:17:in `call'
  activesupport (4.1.4) lib/active_support/cache/strategy/local_cache_middleware.rb:26:in `call'
  rack (1.5.2) lib/rack/lock.rb:17:in `call'
  actionpack (4.1.4) lib/action_dispatch/middleware/static.rb:64:in `call'
  rack (1.5.2) lib/rack/sendfile.rb:112:in `call'
  railties (4.1.4) lib/rails/engine.rb:514:in `call'
  railties (4.1.4) lib/rails/application.rb:144:in `call'
  rack (1.5.2) lib/rack/lock.rb:17:in `call'
  rack (1.5.2) lib/rack/content_length.rb:14:in `call'
  rack (1.5.2) lib/rack/handler/webrick.rb:60:in `service'
  /System/Library/Frameworks/Ruby.framework/Versions/2.0/usr/lib/ruby/2.0.0/webrick/httpserver.rb:138:in `service'
  /System/Library/Frameworks/Ruby.framework/Versions/2.0/usr/lib/ruby/2.0.0/webrick/httpserver.rb:94:in `run'
  /System/Library/Frameworks/Ruby.framework/Versions/2.0/usr/lib/ruby/2.0.0/webrick/server.rb:295:in `block in start_thread'


  Rendered /Library/Ruby/Gems/2.0.0/gems/actionpack-4.1.4/lib/action_dispatch/middleware/templates/rescues/_source.erb (0.4ms)
  Rendered /Library/Ruby/Gems/2.0.0/gems/actionpack-4.1.4/lib/action_dispatch/middleware/templates/rescues/_trace.html.erb (0.8ms)
  Rendered /Library/Ruby/Gems/2.0.0/gems/actionpack-4.1.4/lib/action_dispatch/middleware/templates/rescues/_request_and_response.html.erb (0.7ms)
  Rendered /Library/Ruby/Gems/2.0.0/gems/actionpack-4.1.4/lib/action_dispatch/middleware/templates/rescues/diagnostics.erb within rescues/layout (12.0ms)


Started GET "/comments" for 127.0.0.1 at 2014-08-22 11:14:14 -0400

Gem::LoadError (Specified 'sqlite3' for database adapter, but the gem is not loaded. Add `gem 'sqlite3'` to your Gemfile (and ensure its version is at the minimum required by ActiveRecord).):
  activerecord (4.1.4) lib/active_record/connection_adapters/connection_specification.rb:190:in `rescue in spec'
  activerecord (4.1.4) lib/active_record/connection_adapters/connection_specification.rb:187:in `spec'
  activerecord (4.1.4) lib/active_record/connection_handling.rb:50:in `establish_connection'
  activerecord (4.1.4) lib/active_record/railtie.rb:129:in `block (2 levels) in <class:Railtie>'
  activesupport (4.1.4) lib/active_support/lazy_load_hooks.rb:38:in `instance_eval'
  activesupport (4.1.4) lib/active_support/lazy_load_hooks.rb:38:in `execute_hook'
  activesupport (4.1.4) lib/active_support/lazy_load_hooks.rb:45:in `block in run_load_hooks'
  activesupport (4.1.4) lib/active_support/lazy_load_hooks.rb:44:in `each'
  activesupport (4.1.4) lib/active_support/lazy_load_hooks.rb:44:in `run_load_hooks'
  activerecord (4.1.4) lib/active_record/base.rb:326:in `<module:ActiveRecord>'
  activerecord (4.1.4) lib/active_record/base.rb:23:in `<top (required)>'
  activerecord (4.1.4) lib/active_record/connection_adapters/abstract/connection_pool.rb:628:in `rescue in call'
  activerecord (4.1.4) lib/active_record/connection_adapters/abstract/connection_pool.rb:619:in `call'
  activerecord (4.1.4) lib/active_record/migration.rb:380:in `call'
  actionpack (4.1.4) lib/action_dispatch/middleware/callbacks.rb:29:in `block in call'
  activesupport (4.1.4) lib/active_support/callbacks.rb:82:in `run_callbacks'
  actionpack (4.1.4) lib/action_dispatch/middleware/callbacks.rb:27:in `call'
  actionpack (4.1.4) lib/action_dispatch/middleware/reloader.rb:73:in `call'
  actionpack (4.1.4) lib/action_dispatch/middleware/remote_ip.rb:76:in `call'
  actionpack (4.1.4) lib/action_dispatch/middleware/debug_exceptions.rb:17:in `call'
  actionpack (4.1.4) lib/action_dispatch/middleware/show_exceptions.rb:30:in `call'
  railties (4.1.4) lib/rails/rack/logger.rb:38:in `call_app'
  railties (4.1.4) lib/rails/rack/logger.rb:20:in `block in call'
  activesupport (4.1.4) lib/active_support/tagged_logging.rb:68:in `block in tagged'
  activesupport (4.1.4) lib/active_support/tagged_logging.rb:26:in `tagged'
  activesupport (4.1.4) lib/active_support/tagged_logging.rb:68:in `tagged'
  railties (4.1.4) lib/rails/rack/logger.rb:20:in `call'
  actionpack (4.1.4) lib/action_dispatch/middleware/request_id.rb:21:in `call'
  rack (1.5.2) lib/rack/methodoverride.rb:21:in `call'
  rack (1.5.2) lib/rack/runtime.rb:17:in `call'
  activesupport (4.1.4) lib/active_support/cache/strategy/local_cache_middleware.rb:26:in `call'
  rack (1.5.2) lib/rack/lock.rb:17:in `call'
  actionpack (4.1.4) lib/action_dispatch/middleware/static.rb:64:in `call'
  rack (1.5.2) lib/rack/sendfile.rb:112:in `call'
  railties (4.1.4) lib/rails/engine.rb:514:in `call'
  railties (4.1.4) lib/rails/application.rb:144:in `call'
  rack (1.5.2) lib/rack/lock.rb:17:in `call'
  rack (1.5.2) lib/rack/content_length.rb:14:in `call'
  rack (1.5.2) lib/rack/handler/webrick.rb:60:in `service'
  /System/Library/Frameworks/Ruby.framework/Versions/2.0/usr/lib/ruby/2.0.0/webrick/httpserver.rb:138:in `service'
  /System/Library/Frameworks/Ruby.framework/Versions/2.0/usr/lib/ruby/2.0.0/webrick/httpserver.rb:94:in `run'
  /System/Library/Frameworks/Ruby.framework/Versions/2.0/usr/lib/ruby/2.0.0/webrick/server.rb:295:in `block in start_thread'


  Rendered /Library/Ruby/Gems/2.0.0/gems/actionpack-4.1.4/lib/action_dispatch/middleware/templates/rescues/_source.erb (0.5ms)
  Rendered /Library/Ruby/Gems/2.0.0/gems/actionpack-4.1.4/lib/action_dispatch/middleware/templates/rescues/_trace.html.erb (0.8ms)
  Rendered /Library/Ruby/Gems/2.0.0/gems/actionpack-4.1.4/lib/action_dispatch/middleware/templates/rescues/_request_and_response.html.erb (0.7ms)
  Rendered /Library/Ruby/Gems/2.0.0/gems/actionpack-4.1.4/lib/action_dispatch/middleware/templates/rescues/diagnostics.erb within rescues/layout (11.9ms)


Started GET "/" for 127.0.0.1 at 2014-08-22 11:14:17 -0400

Gem::LoadError (Specified 'sqlite3' for database adapter, but the gem is not loaded. Add `gem 'sqlite3'` to your Gemfile (and ensure its version is at the minimum required by ActiveRecord).):
  activerecord (4.1.4) lib/active_record/connection_adapters/connection_specification.rb:190:in `rescue in spec'
  activerecord (4.1.4) lib/active_record/connection_adapters/connection_specification.rb:187:in `spec'
  activerecord (4.1.4) lib/active_record/connection_handling.rb:50:in `establish_connection'
  activerecord (4.1.4) lib/active_record/railtie.rb:129:in `block (2 levels) in <class:Railtie>'
  activesupport (4.1.4) lib/active_support/lazy_load_hooks.rb:38:in `instance_eval'
  activesupport (4.1.4) lib/active_support/lazy_load_hooks.rb:38:in `execute_hook'
  activesupport (4.1.4) lib/active_support/lazy_load_hooks.rb:45:in `block in run_load_hooks'
  activesupport (4.1.4) lib/active_support/lazy_load_hooks.rb:44:in `each'
  activesupport (4.1.4) lib/active_support/lazy_load_hooks.rb:44:in `run_load_hooks'
  activerecord (4.1.4) lib/active_record/base.rb:326:in `<module:ActiveRecord>'
  activerecord (4.1.4) lib/active_record/base.rb:23:in `<top (required)>'
  activerecord (4.1.4) lib/active_record/connection_adapters/abstract/connection_pool.rb:628:in `rescue in call'
  activerecord (4.1.4) lib/active_record/connection_adapters/abstract/connection_pool.rb:619:in `call'
  activerecord (4.1.4) lib/active_record/migration.rb:380:in `call'
  actionpack (4.1.4) lib/action_dispatch/middleware/callbacks.rb:29:in `block in call'
  activesupport (4.1.4) lib/active_support/callbacks.rb:82:in `run_callbacks'
  actionpack (4.1.4) lib/action_dispatch/middleware/callbacks.rb:27:in `call'
  actionpack (4.1.4) lib/action_dispatch/middleware/reloader.rb:73:in `call'
  actionpack (4.1.4) lib/action_dispatch/middleware/remote_ip.rb:76:in `call'
  actionpack (4.1.4) lib/action_dispatch/middleware/debug_exceptions.rb:17:in `call'
  actionpack (4.1.4) lib/action_dispatch/middleware/show_exceptions.rb:30:in `call'
  railties (4.1.4) lib/rails/rack/logger.rb:38:in `call_app'
  railties (4.1.4) lib/rails/rack/logger.rb:20:in `block in call'
  activesupport (4.1.4) lib/active_support/tagged_logging.rb:68:in `block in tagged'
  activesupport (4.1.4) lib/active_support/tagged_logging.rb:26:in `tagged'
  activesupport (4.1.4) lib/active_support/tagged_logging.rb:68:in `tagged'
  railties (4.1.4) lib/rails/rack/logger.rb:20:in `call'
  actionpack (4.1.4) lib/action_dispatch/middleware/request_id.rb:21:in `call'
  rack (1.5.2) lib/rack/methodoverride.rb:21:in `call'
  rack (1.5.2) lib/rack/runtime.rb:17:in `call'
  activesupport (4.1.4) lib/active_support/cache/strategy/local_cache_middleware.rb:26:in `call'
  rack (1.5.2) lib/rack/lock.rb:17:in `call'
  actionpack (4.1.4) lib/action_dispatch/middleware/static.rb:64:in `call'
  rack (1.5.2) lib/rack/sendfile.rb:112:in `call'
  railties (4.1.4) lib/rails/engine.rb:514:in `call'
  railties (4.1.4) lib/rails/application.rb:144:in `call'
  rack (1.5.2) lib/rack/lock.rb:17:in `call'
  rack (1.5.2) lib/rack/content_length.rb:14:in `call'
  rack (1.5.2) lib/rack/handler/webrick.rb:60:in `service'
  /System/Library/Frameworks/Ruby.framework/Versions/2.0/usr/lib/ruby/2.0.0/webrick/httpserver.rb:138:in `service'
  /System/Library/Frameworks/Ruby.framework/Versions/2.0/usr/lib/ruby/2.0.0/webrick/httpserver.rb:94:in `run'
  /System/Library/Frameworks/Ruby.framework/Versions/2.0/usr/lib/ruby/2.0.0/webrick/server.rb:295:in `block in start_thread'


  Rendered /Library/Ruby/Gems/2.0.0/gems/actionpack-4.1.4/lib/action_dispatch/middleware/templates/rescues/_source.erb (0.6ms)
  Rendered /Library/Ruby/Gems/2.0.0/gems/actionpack-4.1.4/lib/action_dispatch/middleware/templates/rescues/_trace.html.erb (0.9ms)
  Rendered /Library/Ruby/Gems/2.0.0/gems/actionpack-4.1.4/lib/action_dispatch/middleware/templates/rescues/_request_and_response.html.erb (0.8ms)
  Rendered /Library/Ruby/Gems/2.0.0/gems/actionpack-4.1.4/lib/action_dispatch/middleware/templates/rescues/diagnostics.erb within rescues/layout (13.1ms)


Started GET "/" for 127.0.0.1 at 2014-08-22 11:16:51 -0400

Gem::LoadError (Specified 'sqlite3' for database adapter, but the gem is not loaded. Add `gem 'sqlite3'` to your Gemfile (and ensure its version is at the minimum required by ActiveRecord).):
  activerecord (4.1.4) lib/active_record/connection_adapters/connection_specification.rb:190:in `rescue in spec'
  activerecord (4.1.4) lib/active_record/connection_adapters/connection_specification.rb:187:in `spec'
  activerecord (4.1.4) lib/active_record/connection_handling.rb:50:in `establish_connection'
  activerecord (4.1.4) lib/active_record/railtie.rb:129:in `block (2 levels) in <class:Railtie>'
  activesupport (4.1.4) lib/active_support/lazy_load_hooks.rb:38:in `instance_eval'
  activesupport (4.1.4) lib/active_support/lazy_load_hooks.rb:38:in `execute_hook'
  activesupport (4.1.4) lib/active_support/lazy_load_hooks.rb:45:in `block in run_load_hooks'
  activesupport (4.1.4) lib/active_support/lazy_load_hooks.rb:44:in `each'
  activesupport (4.1.4) lib/active_support/lazy_load_hooks.rb:44:in `run_load_hooks'
  activerecord (4.1.4) lib/active_record/base.rb:326:in `<module:ActiveRecord>'
  activerecord (4.1.4) lib/active_record/base.rb:23:in `<top (required)>'
  activerecord (4.1.4) lib/active_record/connection_adapters/abstract/connection_pool.rb:628:in `rescue in call'
  activerecord (4.1.4) lib/active_record/connection_adapters/abstract/connection_pool.rb:619:in `call'
  activerecord (4.1.4) lib/active_record/migration.rb:380:in `call'
  actionpack (4.1.4) lib/action_dispatch/middleware/callbacks.rb:29:in `block in call'
  activesupport (4.1.4) lib/active_support/callbacks.rb:82:in `run_callbacks'
  actionpack (4.1.4) lib/action_dispatch/middleware/callbacks.rb:27:in `call'
  actionpack (4.1.4) lib/action_dispatch/middleware/reloader.rb:73:in `call'
  actionpack (4.1.4) lib/action_dispatch/middleware/remote_ip.rb:76:in `call'
  actionpack (4.1.4) lib/action_dispatch/middleware/debug_exceptions.rb:17:in `call'
  actionpack (4.1.4) lib/action_dispatch/middleware/show_exceptions.rb:30:in `call'
  railties (4.1.4) lib/rails/rack/logger.rb:38:in `call_app'
  railties (4.1.4) lib/rails/rack/logger.rb:20:in `block in call'
  activesupport (4.1.4) lib/active_support/tagged_logging.rb:68:in `block in tagged'
  activesupport (4.1.4) lib/active_support/tagged_logging.rb:26:in `tagged'
  activesupport (4.1.4) lib/active_support/tagged_logging.rb:68:in `tagged'
  railties (4.1.4) lib/rails/rack/logger.rb:20:in `call'
  actionpack (4.1.4) lib/action_dispatch/middleware/request_id.rb:21:in `call'
  rack (1.5.2) lib/rack/methodoverride.rb:21:in `call'
  rack (1.5.2) lib/rack/runtime.rb:17:in `call'
  activesupport (4.1.4) lib/active_support/cache/strategy/local_cache_middleware.rb:26:in `call'
  rack (1.5.2) lib/rack/lock.rb:17:in `call'
  actionpack (4.1.4) lib/action_dispatch/middleware/static.rb:64:in `call'
  rack (1.5.2) lib/rack/sendfile.rb:112:in `call'
  railties (4.1.4) lib/rails/engine.rb:514:in `call'
  railties (4.1.4) lib/rails/application.rb:144:in `call'
  rack (1.5.2) lib/rack/lock.rb:17:in `call'
  rack (1.5.2) lib/rack/content_length.rb:14:in `call'
  rack (1.5.2) lib/rack/handler/webrick.rb:60:in `service'
  /System/Library/Frameworks/Ruby.framework/Versions/2.0/usr/lib/ruby/2.0.0/webrick/httpserver.rb:138:in `service'
  /System/Library/Frameworks/Ruby.framework/Versions/2.0/usr/lib/ruby/2.0.0/webrick/httpserver.rb:94:in `run'
  /System/Library/Frameworks/Ruby.framework/Versions/2.0/usr/lib/ruby/2.0.0/webrick/server.rb:295:in `block in start_thread'


  Rendered /Library/Ruby/Gems/2.0.0/gems/actionpack-4.1.4/lib/action_dispatch/middleware/templates/rescues/_source.erb (0.6ms)
  Rendered /Library/Ruby/Gems/2.0.0/gems/actionpack-4.1.4/lib/action_dispatch/middleware/templates/rescues/_trace.html.erb (0.9ms)
  Rendered /Library/Ruby/Gems/2.0.0/gems/actionpack-4.1.4/lib/action_dispatch/middleware/templates/rescues/_request_and_response.html.erb (0.8ms)
  Rendered /Library/Ruby/Gems/2.0.0/gems/actionpack-4.1.4/lib/action_dispatch/middleware/templates/rescues/diagnostics.erb within rescues/layout (13.8ms)


Started GET "/" for 127.0.0.1 at 2014-08-22 11:17:19 -0400

Gem::LoadError (Specified 'sqlite3' for database adapter, but the gem is not loaded. Add `gem 'sqlite3'` to your Gemfile (and ensure its version is at the minimum required by ActiveRecord).):
  activerecord (4.1.4) lib/active_record/connection_adapters/connection_specification.rb:190:in `rescue in spec'
  activerecord (4.1.4) lib/active_record/connection_adapters/connection_specification.rb:187:in `spec'
  activerecord (4.1.4) lib/active_record/connection_handling.rb:50:in `establish_connection'
  activerecord (4.1.4) lib/active_record/railtie.rb:129:in `block (2 levels) in <class:Railtie>'
  activesupport (4.1.4) lib/active_support/lazy_load_hooks.rb:38:in `instance_eval'
  activesupport (4.1.4) lib/active_support/lazy_load_hooks.rb:38:in `execute_hook'
  activesupport (4.1.4) lib/active_support/lazy_load_hooks.rb:45:in `block in run_load_hooks'
  activesupport (4.1.4) lib/active_support/lazy_load_hooks.rb:44:in `each'
  activesupport (4.1.4) lib/active_support/lazy_load_hooks.rb:44:in `run_load_hooks'
  activerecord (4.1.4) lib/active_record/base.rb:326:in `<module:ActiveRecord>'
  activerecord (4.1.4) lib/active_record/base.rb:23:in `<top (required)>'
  activerecord (4.1.4) lib/active_record/connection_adapters/abstract/connection_pool.rb:628:in `rescue in call'
  activerecord (4.1.4) lib/active_record/connection_adapters/abstract/connection_pool.rb:619:in `call'
  activerecord (4.1.4) lib/active_record/migration.rb:380:in `call'
  actionpack (4.1.4) lib/action_dispatch/middleware/callbacks.rb:29:in `block in call'
  activesupport (4.1.4) lib/active_support/callbacks.rb:82:in `run_callbacks'
  actionpack (4.1.4) lib/action_dispatch/middleware/callbacks.rb:27:in `call'
  actionpack (4.1.4) lib/action_dispatch/middleware/reloader.rb:73:in `call'
  actionpack (4.1.4) lib/action_dispatch/middleware/remote_ip.rb:76:in `call'
  actionpack (4.1.4) lib/action_dispatch/middleware/debug_exceptions.rb:17:in `call'
  actionpack (4.1.4) lib/action_dispatch/middleware/show_exceptions.rb:30:in `call'
  railties (4.1.4) lib/rails/rack/logger.rb:38:in `call_app'
  railties (4.1.4) lib/rails/rack/logger.rb:20:in `block in call'
  activesupport (4.1.4) lib/active_support/tagged_logging.rb:68:in `block in tagged'
  activesupport (4.1.4) lib/active_support/tagged_logging.rb:26:in `tagged'
  activesupport (4.1.4) lib/active_support/tagged_logging.rb:68:in `tagged'
  railties (4.1.4) lib/rails/rack/logger.rb:20:in `call'
  actionpack (4.1.4) lib/action_dispatch/middleware/request_id.rb:21:in `call'
  rack (1.5.2) lib/rack/methodoverride.rb:21:in `call'
  rack (1.5.2) lib/rack/runtime.rb:17:in `call'
  activesupport (4.1.4) lib/active_support/cache/strategy/local_cache_middleware.rb:26:in `call'
  rack (1.5.2) lib/rack/lock.rb:17:in `call'
  actionpack (4.1.4) lib/action_dispatch/middleware/static.rb:64:in `call'
  rack (1.5.2) lib/rack/sendfile.rb:112:in `call'
  railties (4.1.4) lib/rails/engine.rb:514:in `call'
  railties (4.1.4) lib/rails/application.rb:144:in `call'
  rack (1.5.2) lib/rack/lock.rb:17:in `call'
  rack (1.5.2) lib/rack/content_length.rb:14:in `call'
  rack (1.5.2) lib/rack/handler/webrick.rb:60:in `service'
  /System/Library/Frameworks/Ruby.framework/Versions/2.0/usr/lib/ruby/2.0.0/webrick/httpserver.rb:138:in `service'
  /System/Library/Frameworks/Ruby.framework/Versions/2.0/usr/lib/ruby/2.0.0/webrick/httpserver.rb:94:in `run'
  /System/Library/Frameworks/Ruby.framework/Versions/2.0/usr/lib/ruby/2.0.0/webrick/server.rb:295:in `block in start_thread'


  Rendered /Library/Ruby/Gems/2.0.0/gems/actionpack-4.1.4/lib/action_dispatch/middleware/templates/rescues/_source.erb (0.6ms)
  Rendered /Library/Ruby/Gems/2.0.0/gems/actionpack-4.1.4/lib/action_dispatch/middleware/templates/rescues/_trace.html.erb (1.0ms)
  Rendered /Library/Ruby/Gems/2.0.0/gems/actionpack-4.1.4/lib/action_dispatch/middleware/templates/rescues/_request_and_response.html.erb (0.8ms)
  Rendered /Library/Ruby/Gems/2.0.0/gems/actionpack-4.1.4/lib/action_dispatch/middleware/templates/rescues/diagnostics.erb within rescues/layout (13.4ms)


Started GET "/" for 127.0.0.1 at 2014-08-22 11:17:21 -0400

Gem::LoadError (Specified 'sqlite3' for database adapter, but the gem is not loaded. Add `gem 'sqlite3'` to your Gemfile (and ensure its version is at the minimum required by ActiveRecord).):
  activerecord (4.1.4) lib/active_record/connection_adapters/connection_specification.rb:190:in `rescue in spec'
  activerecord (4.1.4) lib/active_record/connection_adapters/connection_specification.rb:187:in `spec'
  activerecord (4.1.4) lib/active_record/connection_handling.rb:50:in `establish_connection'
  activerecord (4.1.4) lib/active_record/railtie.rb:129:in `block (2 levels) in <class:Railtie>'
  activesupport (4.1.4) lib/active_support/lazy_load_hooks.rb:38:in `instance_eval'
  activesupport (4.1.4) lib/active_support/lazy_load_hooks.rb:38:in `execute_hook'
  activesupport (4.1.4) lib/active_support/lazy_load_hooks.rb:45:in `block in run_load_hooks'
  activesupport (4.1.4) lib/active_support/lazy_load_hooks.rb:44:in `each'
  activesupport (4.1.4) lib/active_support/lazy_load_hooks.rb:44:in `run_load_hooks'
  activerecord (4.1.4) lib/active_record/base.rb:326:in `<module:ActiveRecord>'
  activerecord (4.1.4) lib/active_record/base.rb:23:in `<top (required)>'
  activerecord (4.1.4) lib/active_record/connection_adapters/abstract/connection_pool.rb:628:in `rescue in call'
  activerecord (4.1.4) lib/active_record/connection_adapters/abstract/connection_pool.rb:619:in `call'
  activerecord (4.1.4) lib/active_record/migration.rb:380:in `call'
  actionpack (4.1.4) lib/action_dispatch/middleware/callbacks.rb:29:in `block in call'
  activesupport (4.1.4) lib/active_support/callbacks.rb:82:in `run_callbacks'
  actionpack (4.1.4) lib/action_dispatch/middleware/callbacks.rb:27:in `call'
  actionpack (4.1.4) lib/action_dispatch/middleware/reloader.rb:73:in `call'
  actionpack (4.1.4) lib/action_dispatch/middleware/remote_ip.rb:76:in `call'
  actionpack (4.1.4) lib/action_dispatch/middleware/debug_exceptions.rb:17:in `call'
  actionpack (4.1.4) lib/action_dispatch/middleware/show_exceptions.rb:30:in `call'
  railties (4.1.4) lib/rails/rack/logger.rb:38:in `call_app'
  railties (4.1.4) lib/rails/rack/logger.rb:20:in `block in call'
  activesupport (4.1.4) lib/active_support/tagged_logging.rb:68:in `block in tagged'
  activesupport (4.1.4) lib/active_support/tagged_logging.rb:26:in `tagged'
  activesupport (4.1.4) lib/active_support/tagged_logging.rb:68:in `tagged'
  railties (4.1.4) lib/rails/rack/logger.rb:20:in `call'
  actionpack (4.1.4) lib/action_dispatch/middleware/request_id.rb:21:in `call'
  rack (1.5.2) lib/rack/methodoverride.rb:21:in `call'
  rack (1.5.2) lib/rack/runtime.rb:17:in `call'
  activesupport (4.1.4) lib/active_support/cache/strategy/local_cache_middleware.rb:26:in `call'
  rack (1.5.2) lib/rack/lock.rb:17:in `call'
  actionpack (4.1.4) lib/action_dispatch/middleware/static.rb:64:in `call'
  rack (1.5.2) lib/rack/sendfile.rb:112:in `call'
  railties (4.1.4) lib/rails/engine.rb:514:in `call'
  railties (4.1.4) lib/rails/application.rb:144:in `call'
  rack (1.5.2) lib/rack/lock.rb:17:in `call'
  rack (1.5.2) lib/rack/content_length.rb:14:in `call'
  rack (1.5.2) lib/rack/handler/webrick.rb:60:in `service'
  /System/Library/Frameworks/Ruby.framework/Versions/2.0/usr/lib/ruby/2.0.0/webrick/httpserver.rb:138:in `service'
  /System/Library/Frameworks/Ruby.framework/Versions/2.0/usr/lib/ruby/2.0.0/webrick/httpserver.rb:94:in `run'
  /System/Library/Frameworks/Ruby.framework/Versions/2.0/usr/lib/ruby/2.0.0/webrick/server.rb:295:in `block in start_thread'


  Rendered /Library/Ruby/Gems/2.0.0/gems/actionpack-4.1.4/lib/action_dispatch/middleware/templates/rescues/_source.erb (0.6ms)
  Rendered /Library/Ruby/Gems/2.0.0/gems/actionpack-4.1.4/lib/action_dispatch/middleware/templates/rescues/_trace.html.erb (1.2ms)
  Rendered /Library/Ruby/Gems/2.0.0/gems/actionpack-4.1.4/lib/action_dispatch/middleware/templates/rescues/_request_and_response.html.erb (1.0ms)
  Rendered /Library/Ruby/Gems/2.0.0/gems/actionpack-4.1.4/lib/action_dispatch/middleware/templates/rescues/diagnostics.erb within rescues/layout (13.9ms)


Started GET "/" for 127.0.0.1 at 2014-08-22 11:17:21 -0400

Gem::LoadError (Specified 'sqlite3' for database adapter, but the gem is not loaded. Add `gem 'sqlite3'` to your Gemfile (and ensure its version is at the minimum required by ActiveRecord).):
  activerecord (4.1.4) lib/active_record/connection_adapters/connection_specification.rb:190:in `rescue in spec'
  activerecord (4.1.4) lib/active_record/connection_adapters/connection_specification.rb:187:in `spec'
  activerecord (4.1.4) lib/active_record/connection_handling.rb:50:in `establish_connection'
  activerecord (4.1.4) lib/active_record/railtie.rb:129:in `block (2 levels) in <class:Railtie>'
  activesupport (4.1.4) lib/active_support/lazy_load_hooks.rb:38:in `instance_eval'
  activesupport (4.1.4) lib/active_support/lazy_load_hooks.rb:38:in `execute_hook'
  activesupport (4.1.4) lib/active_support/lazy_load_hooks.rb:45:in `block in run_load_hooks'
  activesupport (4.1.4) lib/active_support/lazy_load_hooks.rb:44:in `each'
  activesupport (4.1.4) lib/active_support/lazy_load_hooks.rb:44:in `run_load_hooks'
  activerecord (4.1.4) lib/active_record/base.rb:326:in `<module:ActiveRecord>'
  activerecord (4.1.4) lib/active_record/base.rb:23:in `<top (required)>'
  activerecord (4.1.4) lib/active_record/connection_adapters/abstract/connection_pool.rb:628:in `rescue in call'
  activerecord (4.1.4) lib/active_record/connection_adapters/abstract/connection_pool.rb:619:in `call'
  activerecord (4.1.4) lib/active_record/migration.rb:380:in `call'
  actionpack (4.1.4) lib/action_dispatch/middleware/callbacks.rb:29:in `block in call'
  activesupport (4.1.4) lib/active_support/callbacks.rb:82:in `run_callbacks'
  actionpack (4.1.4) lib/action_dispatch/middleware/callbacks.rb:27:in `call'
  actionpack (4.1.4) lib/action_dispatch/middleware/reloader.rb:73:in `call'
  actionpack (4.1.4) lib/action_dispatch/middleware/remote_ip.rb:76:in `call'
  actionpack (4.1.4) lib/action_dispatch/middleware/debug_exceptions.rb:17:in `call'
  actionpack (4.1.4) lib/action_dispatch/middleware/show_exceptions.rb:30:in `call'
  railties (4.1.4) lib/rails/rack/logger.rb:38:in `call_app'
  railties (4.1.4) lib/rails/rack/logger.rb:20:in `block in call'
  activesupport (4.1.4) lib/active_support/tagged_logging.rb:68:in `block in tagged'
  activesupport (4.1.4) lib/active_support/tagged_logging.rb:26:in `tagged'
  activesupport (4.1.4) lib/active_support/tagged_logging.rb:68:in `tagged'
  railties (4.1.4) lib/rails/rack/logger.rb:20:in `call'
  actionpack (4.1.4) lib/action_dispatch/middleware/request_id.rb:21:in `call'
  rack (1.5.2) lib/rack/methodoverride.rb:21:in `call'
  rack (1.5.2) lib/rack/runtime.rb:17:in `call'
  activesupport (4.1.4) lib/active_support/cache/strategy/local_cache_middleware.rb:26:in `call'
  rack (1.5.2) lib/rack/lock.rb:17:in `call'
  actionpack (4.1.4) lib/action_dispatch/middleware/static.rb:64:in `call'
  rack (1.5.2) lib/rack/sendfile.rb:112:in `call'
  railties (4.1.4) lib/rails/engine.rb:514:in `call'
  railties (4.1.4) lib/rails/application.rb:144:in `call'
  rack (1.5.2) lib/rack/lock.rb:17:in `call'
  rack (1.5.2) lib/rack/content_length.rb:14:in `call'
  rack (1.5.2) lib/rack/handler/webrick.rb:60:in `service'
  /System/Library/Frameworks/Ruby.framework/Versions/2.0/usr/lib/ruby/2.0.0/webrick/httpserver.rb:138:in `service'
  /System/Library/Frameworks/Ruby.framework/Versions/2.0/usr/lib/ruby/2.0.0/webrick/httpserver.rb:94:in `run'
  /System/Library/Frameworks/Ruby.framework/Versions/2.0/usr/lib/ruby/2.0.0/webrick/server.rb:295:in `block in start_thread'


  Rendered /Library/Ruby/Gems/2.0.0/gems/actionpack-4.1.4/lib/action_dispatch/middleware/templates/rescues/_source.erb (0.5ms)
  Rendered /Library/Ruby/Gems/2.0.0/gems/actionpack-4.1.4/lib/action_dispatch/middleware/templates/rescues/_trace.html.erb (1.0ms)
  Rendered /Library/Ruby/Gems/2.0.0/gems/actionpack-4.1.4/lib/action_dispatch/middleware/templates/rescues/_request_and_response.html.erb (0.6ms)
  Rendered /Library/Ruby/Gems/2.0.0/gems/actionpack-4.1.4/lib/action_dispatch/middleware/templates/rescues/diagnostics.erb within rescues/layout (12.3ms)


Started GET "/" for 127.0.0.1 at 2014-08-22 11:17:21 -0400

Gem::LoadError (Specified 'sqlite3' for database adapter, but the gem is not loaded. Add `gem 'sqlite3'` to your Gemfile (and ensure its version is at the minimum required by ActiveRecord).):
  activerecord (4.1.4) lib/active_record/connection_adapters/connection_specification.rb:190:in `rescue in spec'
  activerecord (4.1.4) lib/active_record/connection_adapters/connection_specification.rb:187:in `spec'
  activerecord (4.1.4) lib/active_record/connection_handling.rb:50:in `establish_connection'
  activerecord (4.1.4) lib/active_record/railtie.rb:129:in `block (2 levels) in <class:Railtie>'
  activesupport (4.1.4) lib/active_support/lazy_load_hooks.rb:38:in `instance_eval'
  activesupport (4.1.4) lib/active_support/lazy_load_hooks.rb:38:in `execute_hook'
  activesupport (4.1.4) lib/active_support/lazy_load_hooks.rb:45:in `block in run_load_hooks'
  activesupport (4.1.4) lib/active_support/lazy_load_hooks.rb:44:in `each'
  activesupport (4.1.4) lib/active_support/lazy_load_hooks.rb:44:in `run_load_hooks'
  activerecord (4.1.4) lib/active_record/base.rb:326:in `<module:ActiveRecord>'
  activerecord (4.1.4) lib/active_record/base.rb:23:in `<top (required)>'
  activerecord (4.1.4) lib/active_record/connection_adapters/abstract/connection_pool.rb:628:in `rescue in call'
  activerecord (4.1.4) lib/active_record/connection_adapters/abstract/connection_pool.rb:619:in `call'
  activerecord (4.1.4) lib/active_record/migration.rb:380:in `call'
  actionpack (4.1.4) lib/action_dispatch/middleware/callbacks.rb:29:in `block in call'
  activesupport (4.1.4) lib/active_support/callbacks.rb:82:in `run_callbacks'
  actionpack (4.1.4) lib/action_dispatch/middleware/callbacks.rb:27:in `call'
  actionpack (4.1.4) lib/action_dispatch/middleware/reloader.rb:73:in `call'
  actionpack (4.1.4) lib/action_dispatch/middleware/remote_ip.rb:76:in `call'
  actionpack (4.1.4) lib/action_dispatch/middleware/debug_exceptions.rb:17:in `call'
  actionpack (4.1.4) lib/action_dispatch/middleware/show_exceptions.rb:30:in `call'
  railties (4.1.4) lib/rails/rack/logger.rb:38:in `call_app'
  railties (4.1.4) lib/rails/rack/logger.rb:20:in `block in call'
  activesupport (4.1.4) lib/active_support/tagged_logging.rb:68:in `block in tagged'
  activesupport (4.1.4) lib/active_support/tagged_logging.rb:26:in `tagged'
  activesupport (4.1.4) lib/active_support/tagged_logging.rb:68:in `tagged'
  railties (4.1.4) lib/rails/rack/logger.rb:20:in `call'
  actionpack (4.1.4) lib/action_dispatch/middleware/request_id.rb:21:in `call'
  rack (1.5.2) lib/rack/methodoverride.rb:21:in `call'
  rack (1.5.2) lib/rack/runtime.rb:17:in `call'
  activesupport (4.1.4) lib/active_support/cache/strategy/local_cache_middleware.rb:26:in `call'
  rack (1.5.2) lib/rack/lock.rb:17:in `call'
  actionpack (4.1.4) lib/action_dispatch/middleware/static.rb:64:in `call'
  rack (1.5.2) lib/rack/sendfile.rb:112:in `call'
  railties (4.1.4) lib/rails/engine.rb:514:in `call'
  railties (4.1.4) lib/rails/application.rb:144:in `call'
  rack (1.5.2) lib/rack/lock.rb:17:in `call'
  rack (1.5.2) lib/rack/content_length.rb:14:in `call'
  rack (1.5.2) lib/rack/handler/webrick.rb:60:in `service'
  /System/Library/Frameworks/Ruby.framework/Versions/2.0/usr/lib/ruby/2.0.0/webrick/httpserver.rb:138:in `service'
  /System/Library/Frameworks/Ruby.framework/Versions/2.0/usr/lib/ruby/2.0.0/webrick/httpserver.rb:94:in `run'
  /System/Library/Frameworks/Ruby.framework/Versions/2.0/usr/lib/ruby/2.0.0/webrick/server.rb:295:in `block in start_thread'


  Rendered /Library/Ruby/Gems/2.0.0/gems/actionpack-4.1.4/lib/action_dispatch/middleware/templates/rescues/_source.erb (0.5ms)
  Rendered /Library/Ruby/Gems/2.0.0/gems/actionpack-4.1.4/lib/action_dispatch/middleware/templates/rescues/_trace.html.erb (0.9ms)
  Rendered /Library/Ruby/Gems/2.0.0/gems/actionpack-4.1.4/lib/action_dispatch/middleware/templates/rescues/_request_and_response.html.erb (1.0ms)
  Rendered /Library/Ruby/Gems/2.0.0/gems/actionpack-4.1.4/lib/action_dispatch/middleware/templates/rescues/diagnostics.erb within rescues/layout (12.9ms)


Started GET "/" for 127.0.0.1 at 2014-08-22 11:17:21 -0400

Gem::LoadError (Specified 'sqlite3' for database adapter, but the gem is not loaded. Add `gem 'sqlite3'` to your Gemfile (and ensure its version is at the minimum required by ActiveRecord).):
  activerecord (4.1.4) lib/active_record/connection_adapters/connection_specification.rb:190:in `rescue in spec'
  activerecord (4.1.4) lib/active_record/connection_adapters/connection_specification.rb:187:in `spec'
  activerecord (4.1.4) lib/active_record/connection_handling.rb:50:in `establish_connection'
  activerecord (4.1.4) lib/active_record/railtie.rb:129:in `block (2 levels) in <class:Railtie>'
  activesupport (4.1.4) lib/active_support/lazy_load_hooks.rb:38:in `instance_eval'
  activesupport (4.1.4) lib/active_support/lazy_load_hooks.rb:38:in `execute_hook'
  activesupport (4.1.4) lib/active_support/lazy_load_hooks.rb:45:in `block in run_load_hooks'
  activesupport (4.1.4) lib/active_support/lazy_load_hooks.rb:44:in `each'
  activesupport (4.1.4) lib/active_support/lazy_load_hooks.rb:44:in `run_load_hooks'
  activerecord (4.1.4) lib/active_record/base.rb:326:in `<module:ActiveRecord>'
  activerecord (4.1.4) lib/active_record/base.rb:23:in `<top (required)>'
  activerecord (4.1.4) lib/active_record/connection_adapters/abstract/connection_pool.rb:628:in `rescue in call'
  activerecord (4.1.4) lib/active_record/connection_adapters/abstract/connection_pool.rb:619:in `call'
  activerecord (4.1.4) lib/active_record/migration.rb:380:in `call'
  actionpack (4.1.4) lib/action_dispatch/middleware/callbacks.rb:29:in `block in call'
  activesupport (4.1.4) lib/active_support/callbacks.rb:82:in `run_callbacks'
  actionpack (4.1.4) lib/action_dispatch/middleware/callbacks.rb:27:in `call'
  actionpack (4.1.4) lib/action_dispatch/middleware/reloader.rb:73:in `call'
  actionpack (4.1.4) lib/action_dispatch/middleware/remote_ip.rb:76:in `call'
  actionpack (4.1.4) lib/action_dispatch/middleware/debug_exceptions.rb:17:in `call'
  actionpack (4.1.4) lib/action_dispatch/middleware/show_exceptions.rb:30:in `call'
  railties (4.1.4) lib/rails/rack/logger.rb:38:in `call_app'
  railties (4.1.4) lib/rails/rack/logger.rb:20:in `block in call'
  activesupport (4.1.4) lib/active_support/tagged_logging.rb:68:in `block in tagged'
  activesupport (4.1.4) lib/active_support/tagged_logging.rb:26:in `tagged'
  activesupport (4.1.4) lib/active_support/tagged_logging.rb:68:in `tagged'
  railties (4.1.4) lib/rails/rack/logger.rb:20:in `call'
  actionpack (4.1.4) lib/action_dispatch/middleware/request_id.rb:21:in `call'
  rack (1.5.2) lib/rack/methodoverride.rb:21:in `call'
  rack (1.5.2) lib/rack/runtime.rb:17:in `call'
  activesupport (4.1.4) lib/active_support/cache/strategy/local_cache_middleware.rb:26:in `call'
  rack (1.5.2) lib/rack/lock.rb:17:in `call'
  actionpack (4.1.4) lib/action_dispatch/middleware/static.rb:64:in `call'
  rack (1.5.2) lib/rack/sendfile.rb:112:in `call'
  railties (4.1.4) lib/rails/engine.rb:514:in `call'
  railties (4.1.4) lib/rails/application.rb:144:in `call'
  rack (1.5.2) lib/rack/lock.rb:17:in `call'
  rack (1.5.2) lib/rack/content_length.rb:14:in `call'
  rack (1.5.2) lib/rack/handler/webrick.rb:60:in `service'
  /System/Library/Frameworks/Ruby.framework/Versions/2.0/usr/lib/ruby/2.0.0/webrick/httpserver.rb:138:in `service'
  /System/Library/Frameworks/Ruby.framework/Versions/2.0/usr/lib/ruby/2.0.0/webrick/httpserver.rb:94:in `run'
  /System/Library/Frameworks/Ruby.framework/Versions/2.0/usr/lib/ruby/2.0.0/webrick/server.rb:295:in `block in start_thread'


  Rendered /Library/Ruby/Gems/2.0.0/gems/actionpack-4.1.4/lib/action_dispatch/middleware/templates/rescues/_source.erb (0.4ms)
  Rendered /Library/Ruby/Gems/2.0.0/gems/actionpack-4.1.4/lib/action_dispatch/middleware/templates/rescues/_trace.html.erb (1.0ms)
  Rendered /Library/Ruby/Gems/2.0.0/gems/actionpack-4.1.4/lib/action_dispatch/middleware/templates/rescues/_request_and_response.html.erb (0.8ms)
  Rendered /Library/Ruby/Gems/2.0.0/gems/actionpack-4.1.4/lib/action_dispatch/middleware/templates/rescues/diagnostics.erb within rescues/layout (12.3ms)


Started GET "/" for 127.0.0.1 at 2014-08-22 11:17:21 -0400

Gem::LoadError (Specified 'sqlite3' for database adapter, but the gem is not loaded. Add `gem 'sqlite3'` to your Gemfile (and ensure its version is at the minimum required by ActiveRecord).):
  activerecord (4.1.4) lib/active_record/connection_adapters/connection_specification.rb:190:in `rescue in spec'
  activerecord (4.1.4) lib/active_record/connection_adapters/connection_specification.rb:187:in `spec'
  activerecord (4.1.4) lib/active_record/connection_handling.rb:50:in `establish_connection'
  activerecord (4.1.4) lib/active_record/railtie.rb:129:in `block (2 levels) in <class:Railtie>'
  activesupport (4.1.4) lib/active_support/lazy_load_hooks.rb:38:in `instance_eval'
  activesupport (4.1.4) lib/active_support/lazy_load_hooks.rb:38:in `execute_hook'
  activesupport (4.1.4) lib/active_support/lazy_load_hooks.rb:45:in `block in run_load_hooks'
  activesupport (4.1.4) lib/active_support/lazy_load_hooks.rb:44:in `each'
  activesupport (4.1.4) lib/active_support/lazy_load_hooks.rb:44:in `run_load_hooks'
  activerecord (4.1.4) lib/active_record/base.rb:326:in `<module:ActiveRecord>'
  activerecord (4.1.4) lib/active_record/base.rb:23:in `<top (required)>'
  activerecord (4.1.4) lib/active_record/connection_adapters/abstract/connection_pool.rb:628:in `rescue in call'
  activerecord (4.1.4) lib/active_record/connection_adapters/abstract/connection_pool.rb:619:in `call'
  activerecord (4.1.4) lib/active_record/migration.rb:380:in `call'
  actionpack (4.1.4) lib/action_dispatch/middleware/callbacks.rb:29:in `block in call'
  activesupport (4.1.4) lib/active_support/callbacks.rb:82:in `run_callbacks'
  actionpack (4.1.4) lib/action_dispatch/middleware/callbacks.rb:27:in `call'
  actionpack (4.1.4) lib/action_dispatch/middleware/reloader.rb:73:in `call'
  actionpack (4.1.4) lib/action_dispatch/middleware/remote_ip.rb:76:in `call'
  actionpack (4.1.4) lib/action_dispatch/middleware/debug_exceptions.rb:17:in `call'
  actionpack (4.1.4) lib/action_dispatch/middleware/show_exceptions.rb:30:in `call'
  railties (4.1.4) lib/rails/rack/logger.rb:38:in `call_app'
  railties (4.1.4) lib/rails/rack/logger.rb:20:in `block in call'
  activesupport (4.1.4) lib/active_support/tagged_logging.rb:68:in `block in tagged'
  activesupport (4.1.4) lib/active_support/tagged_logging.rb:26:in `tagged'
  activesupport (4.1.4) lib/active_support/tagged_logging.rb:68:in `tagged'
  railties (4.1.4) lib/rails/rack/logger.rb:20:in `call'
  actionpack (4.1.4) lib/action_dispatch/middleware/request_id.rb:21:in `call'
  rack (1.5.2) lib/rack/methodoverride.rb:21:in `call'
  rack (1.5.2) lib/rack/runtime.rb:17:in `call'
  activesupport (4.1.4) lib/active_support/cache/strategy/local_cache_middleware.rb:26:in `call'
  rack (1.5.2) lib/rack/lock.rb:17:in `call'
  actionpack (4.1.4) lib/action_dispatch/middleware/static.rb:64:in `call'
  rack (1.5.2) lib/rack/sendfile.rb:112:in `call'
  railties (4.1.4) lib/rails/engine.rb:514:in `call'
  railties (4.1.4) lib/rails/application.rb:144:in `call'
  rack (1.5.2) lib/rack/lock.rb:17:in `call'
  rack (1.5.2) lib/rack/content_length.rb:14:in `call'
  rack (1.5.2) lib/rack/handler/webrick.rb:60:in `service'
  /System/Library/Frameworks/Ruby.framework/Versions/2.0/usr/lib/ruby/2.0.0/webrick/httpserver.rb:138:in `service'
  /System/Library/Frameworks/Ruby.framework/Versions/2.0/usr/lib/ruby/2.0.0/webrick/httpserver.rb:94:in `run'
  /System/Library/Frameworks/Ruby.framework/Versions/2.0/usr/lib/ruby/2.0.0/webrick/server.rb:295:in `block in start_thread'


  Rendered /Library/Ruby/Gems/2.0.0/gems/actionpack-4.1.4/lib/action_dispatch/middleware/templates/rescues/_source.erb (0.4ms)
  Rendered /Library/Ruby/Gems/2.0.0/gems/actionpack-4.1.4/lib/action_dispatch/middleware/templates/rescues/_trace.html.erb (0.9ms)
  Rendered /Library/Ruby/Gems/2.0.0/gems/actionpack-4.1.4/lib/action_dispatch/middleware/templates/rescues/_request_and_response.html.erb (0.8ms)
  Rendered /Library/Ruby/Gems/2.0.0/gems/actionpack-4.1.4/lib/action_dispatch/middleware/templates/rescues/diagnostics.erb within rescues/layout (12.5ms)


Started GET "/" for 127.0.0.1 at 2014-08-22 11:17:39 -0400

Gem::LoadError (Specified 'sqlite3' for database adapter, but the gem is not loaded. Add `gem 'sqlite3'` to your Gemfile (and ensure its version is at the minimum required by ActiveRecord).):
  activerecord (4.1.4) lib/active_record/connection_adapters/connection_specification.rb:190:in `rescue in spec'
  activerecord (4.1.4) lib/active_record/connection_adapters/connection_specification.rb:187:in `spec'
  activerecord (4.1.4) lib/active_record/connection_handling.rb:50:in `establish_connection'
  activerecord (4.1.4) lib/active_record/railtie.rb:129:in `block (2 levels) in <class:Railtie>'
  activesupport (4.1.4) lib/active_support/lazy_load_hooks.rb:38:in `instance_eval'
  activesupport (4.1.4) lib/active_support/lazy_load_hooks.rb:38:in `execute_hook'
  activesupport (4.1.4) lib/active_support/lazy_load_hooks.rb:45:in `block in run_load_hooks'
  activesupport (4.1.4) lib/active_support/lazy_load_hooks.rb:44:in `each'
  activesupport (4.1.4) lib/active_support/lazy_load_hooks.rb:44:in `run_load_hooks'
  activerecord (4.1.4) lib/active_record/base.rb:326:in `<module:ActiveRecord>'
  activerecord (4.1.4) lib/active_record/base.rb:23:in `<top (required)>'
  activerecord (4.1.4) lib/active_record/connection_adapters/abstract/connection_pool.rb:628:in `rescue in call'
  activerecord (4.1.4) lib/active_record/connection_adapters/abstract/connection_pool.rb:619:in `call'
  activerecord (4.1.4) lib/active_record/migration.rb:380:in `call'
  actionpack (4.1.4) lib/action_dispatch/middleware/callbacks.rb:29:in `block in call'
  activesupport (4.1.4) lib/active_support/callbacks.rb:82:in `run_callbacks'
  actionpack (4.1.4) lib/action_dispatch/middleware/callbacks.rb:27:in `call'
  actionpack (4.1.4) lib/action_dispatch/middleware/reloader.rb:73:in `call'
  actionpack (4.1.4) lib/action_dispatch/middleware/remote_ip.rb:76:in `call'
  actionpack (4.1.4) lib/action_dispatch/middleware/debug_exceptions.rb:17:in `call'
  actionpack (4.1.4) lib/action_dispatch/middleware/show_exceptions.rb:30:in `call'
  railties (4.1.4) lib/rails/rack/logger.rb:38:in `call_app'
  railties (4.1.4) lib/rails/rack/logger.rb:20:in `block in call'
  activesupport (4.1.4) lib/active_support/tagged_logging.rb:68:in `block in tagged'
  activesupport (4.1.4) lib/active_support/tagged_logging.rb:26:in `tagged'
  activesupport (4.1.4) lib/active_support/tagged_logging.rb:68:in `tagged'
  railties (4.1.4) lib/rails/rack/logger.rb:20:in `call'
  actionpack (4.1.4) lib/action_dispatch/middleware/request_id.rb:21:in `call'
  rack (1.5.2) lib/rack/methodoverride.rb:21:in `call'
  rack (1.5.2) lib/rack/runtime.rb:17:in `call'
  activesupport (4.1.4) lib/active_support/cache/strategy/local_cache_middleware.rb:26:in `call'
  rack (1.5.2) lib/rack/lock.rb:17:in `call'
  actionpack (4.1.4) lib/action_dispatch/middleware/static.rb:64:in `call'
  rack (1.5.2) lib/rack/sendfile.rb:112:in `call'
  railties (4.1.4) lib/rails/engine.rb:514:in `call'
  railties (4.1.4) lib/rails/application.rb:144:in `call'
  rack (1.5.2) lib/rack/lock.rb:17:in `call'
  rack (1.5.2) lib/rack/content_length.rb:14:in `call'
  rack (1.5.2) lib/rack/handler/webrick.rb:60:in `service'
  /System/Library/Frameworks/Ruby.framework/Versions/2.0/usr/lib/ruby/2.0.0/webrick/httpserver.rb:138:in `service'
  /System/Library/Frameworks/Ruby.framework/Versions/2.0/usr/lib/ruby/2.0.0/webrick/httpserver.rb:94:in `run'
  /System/Library/Frameworks/Ruby.framework/Versions/2.0/usr/lib/ruby/2.0.0/webrick/server.rb:295:in `block in start_thread'


  Rendered /Library/Ruby/Gems/2.0.0/gems/actionpack-4.1.4/lib/action_dispatch/middleware/templates/rescues/_source.erb (0.5ms)
  Rendered /Library/Ruby/Gems/2.0.0/gems/actionpack-4.1.4/lib/action_dispatch/middleware/templates/rescues/_trace.html.erb (0.9ms)
  Rendered /Library/Ruby/Gems/2.0.0/gems/actionpack-4.1.4/lib/action_dispatch/middleware/templates/rescues/_request_and_response.html.erb (0.7ms)
  Rendered /Library/Ruby/Gems/2.0.0/gems/actionpack-4.1.4/lib/action_dispatch/middleware/templates/rescues/diagnostics.erb within rescues/layout (12.4ms)


Started GET "/" for 127.0.0.1 at 2014-08-22 11:19:00 -0400
Processing by Rails::WelcomeController#index as HTML
  Rendered /Library/Ruby/Gems/2.0.0/gems/railties-4.1.4/lib/rails/templates/rails/welcome/index.html.erb (1.2ms)
Completed 200 OK in 51ms (Views: 14.1ms | ActiveRecord: 0.0ms)


Started GET "/rails/info/properties" for 127.0.0.1 at 2014-08-22 11:23:16 -0400
Processing by Rails::InfoController#properties as */*
  Rendered /Library/Ruby/Gems/2.0.0/gems/railties-4.1.4/lib/rails/templates/rails/info/properties.html.erb (0.4ms)
Completed 200 OK in 67ms (Views: 8.0ms | ActiveRecord: 1.1ms)
